<?xml version="1.0" encoding="UTF-8"?>
<!-- Generated by org.testng.reporters.JUnitReportReporter -->
<testsuite hostname="apples-MacBook-Pro.local" failures="0" tests="5" name="assignments.zestMoney.testScripts.comparePrice" time="3.375" errors="0" timestamp="6 Feb 2020 10:53:14 GMT">
  <testcase classname="assignments.zestMoney.testScripts.comparePrice" name="searchProductinFlipkart" time="0.412"/>
  <testcase classname="assignments.zestMoney.testScripts.comparePrice" name="checkProductisAvailableAmazon" time="0.017"/>
  <testcase classname="assignments.zestMoney.testScripts.comparePrice" name="searchProductinAmazon" time="2.226"/>
  <testcase classname="assignments.zestMoney.testScripts.comparePrice" name="getPrice" time="0.329"/>
  <testcase classname="assignments.zestMoney.testScripts.comparePrice" name="checkProductisAvailableFlipkart" time="0.391"/>
</testsuite> <!-- assignments.zestMoney.testScripts.comparePrice -->
