<?xml version="1.0" encoding="UTF-8"?>
<!-- Generated by org.testng.reporters.JUnitReportReporter -->
<testsuite hostname="apples-MacBook-Pro.local" failures="0" tests="5" name="assignments.zestMoney.testScripts.comparePrice" time="3.159" errors="0" timestamp="6 Feb 2020 13:26:48 GMT">
  <testcase classname="assignments.zestMoney.testScripts.comparePrice" name="searchProductinFlipkart" time="0.380"/>
  <testcase classname="assignments.zestMoney.testScripts.comparePrice" name="checkProductisAvailableAmazon" time="0.018"/>
  <testcase classname="assignments.zestMoney.testScripts.comparePrice" name="checkProductisAvailableFlipkart" time="0.017"/>
  <testcase classname="assignments.zestMoney.testScripts.comparePrice" name="searchProductinAmazon" time="1.873"/>
  <testcase classname="assignments.zestMoney.testScripts.comparePrice" name="getPrice" time="0.871"/>
</testsuite> <!-- assignments.zestMoney.testScripts.comparePrice -->
